<?xml version="1.0" encoding="UTF-8"?>
<!-- Generated by org.testng.reporters.JUnitReportReporter -->
<testsuite hostname="family" name="com.ip.rest.BasicRestAutomation.HttpClientRestAutomation" tests="1" failures="0" timestamp="23 Sep 2016 01:18:14 GMT" time="0.893" errors="0">
  <testcase name="geocodeGetRequest" time="0.893" classname="com.ip.rest.BasicRestAutomation.HttpClientRestAutomation"/>
</testsuite> <!-- com.ip.rest.BasicRestAutomation.HttpClientRestAutomation -->
